<?xml version="1.0" encoding="UTF-8"?>
<testng-results ignored="0" total="6" passed="5" failed="1" skipped="0">
  <reporter-output>
  </reporter-output>
  <suite started-at="2022-07-16T13:28:03 IST" name="Testing Google Apps" finished-at="2022-07-16T13:28:06 IST" duration-ms="2892">
    <groups>
    </groups>
    <test started-at="2022-07-16T13:28:03 IST" name="Regression" finished-at="2022-07-16T13:28:06 IST" duration-ms="2892">
      <class name="com.github.test.SearchTest">
        <test-method signature="validate_most_starred_seleniium_java_repository()[pri:0, instance:com.github.test.SearchTest@4b4dd216]" started-at="2022-07-16T13:28:03 IST" name="validate_most_starred_seleniium_java_repository" finished-at="2022-07-16T13:28:05 IST" duration-ms="1771" status="PASS">
          <reporter-output>
          </reporter-output>
        </test-method> <!-- validate_most_starred_seleniium_java_repository -->
        <test-method signature="validate_python_and_java_seleniium_repository_count()[pri:0, instance:com.github.test.SearchTest@4b4dd216]" started-at="2022-07-16T13:28:03 IST" name="validate_python_and_java_seleniium_repository_count" finished-at="2022-07-16T13:28:05 IST" duration-ms="1771" status="PASS">
          <reporter-output>
          </reporter-output>
        </test-method> <!-- validate_python_and_java_seleniium_repository_count -->
        <test-method signature="validate_java_seleniium_repository_count()[pri:0, instance:com.github.test.SearchTest@4b4dd216]" started-at="2022-07-16T13:28:03 IST" name="validate_java_seleniium_repository_count" finished-at="2022-07-16T13:28:05 IST" duration-ms="1777" status="FAIL">
          <exception class="java.lang.AssertionError">
            <message>
              <![CDATA[Expected and Actual repo count is not matching for selenium with Java repo. expected [54009] but found [54035]]]>
            </message>
            <full-stacktrace>
              <![CDATA[java.lang.AssertionError: Expected and Actual repo count is not matching for selenium with Java repo. expected [54009] but found [54035]
at org.testng.Assert.fail(Assert.java:110)
at org.testng.Assert.failNotEquals(Assert.java:1413)
at org.testng.Assert.assertEqualsImpl(Assert.java:149)
at org.testng.Assert.assertEquals(Assert.java:131)
at org.testng.Assert.assertEquals(Assert.java:655)
at com.github.test.SearchTest.validate_java_seleniium_repository_count(SearchTest.java:35)
at java.base/jdk.internal.reflect.NativeMethodAccessorImpl.invoke0(Native Method)
at java.base/jdk.internal.reflect.NativeMethodAccessorImpl.invoke(NativeMethodAccessorImpl.java:77)
at java.base/jdk.internal.reflect.DelegatingMethodAccessorImpl.invoke(DelegatingMethodAccessorImpl.java:43)
at java.base/java.lang.reflect.Method.invoke(Method.java:568)
at org.testng.internal.invokers.MethodInvocationHelper.invokeMethod(MethodInvocationHelper.java:139)
at org.testng.internal.invokers.TestInvoker.invokeMethod(TestInvoker.java:677)
at org.testng.internal.invokers.TestInvoker.invokeTestMethod(TestInvoker.java:221)
at org.testng.internal.invokers.MethodRunner.runInSequence(MethodRunner.java:50)
at org.testng.internal.invokers.TestInvoker$MethodInvocationAgent.invoke(TestInvoker.java:962)
at org.testng.internal.invokers.TestInvoker.invokeTestMethods(TestInvoker.java:194)
at org.testng.internal.invokers.TestMethodWorker.invokeTestMethods(TestMethodWorker.java:148)
at org.testng.internal.invokers.TestMethodWorker.run(TestMethodWorker.java:128)
at java.base/java.util.concurrent.ThreadPoolExecutor.runWorker(ThreadPoolExecutor.java:1136)
at java.base/java.util.concurrent.ThreadPoolExecutor$Worker.run(ThreadPoolExecutor.java:635)
at java.base/java.lang.Thread.run(Thread.java:833)
]]>
            </full-stacktrace>
          </exception> <!-- java.lang.AssertionError -->
          <reporter-output>
          </reporter-output>
        </test-method> <!-- validate_java_seleniium_repository_count -->
        <test-method signature="validate_python_seleniium_repository_count()[pri:0, instance:com.github.test.SearchTest@4b4dd216]" started-at="2022-07-16T13:28:05 IST" name="validate_python_seleniium_repository_count" finished-at="2022-07-16T13:28:06 IST" duration-ms="1031" status="PASS">
          <reporter-output>
          </reporter-output>
        </test-method> <!-- validate_python_seleniium_repository_count -->
      </class> <!-- com.github.test.SearchTest -->
      <class name="com.github.test.UserRepoTest">
        <test-method signature="validate_user_fullName()[pri:0, instance:com.github.test.UserRepoTest@fff25f1]" started-at="2022-07-16T13:28:05 IST" name="validate_user_fullName" finished-at="2022-07-16T13:28:05 IST" duration-ms="509" status="PASS">
          <reporter-output>
          </reporter-output>
        </test-method> <!-- validate_user_fullName -->
        <test-method signature="validate_user_repository_count()[pri:0, instance:com.github.test.UserRepoTest@fff25f1]" started-at="2022-07-16T13:28:05 IST" name="validate_user_repository_count" finished-at="2022-07-16T13:28:05 IST" duration-ms="508" status="PASS">
          <reporter-output>
          </reporter-output>
        </test-method> <!-- validate_user_repository_count -->
      </class> <!-- com.github.test.UserRepoTest -->
    </test> <!-- Regression -->
  </suite> <!-- Testing Google Apps -->
</testng-results>
